<?xml version="1.0" encoding="UTF-8"?>
<testsuite xmlns:xsi="http://www.w3.org/2001/XMLSchema-instance" xsi:noNamespaceSchemaLocation="https://maven.apache.org/surefire/maven-surefire-plugin/xsd/surefire-test-report.xsd" name="org.keycloak.test.broker.oidc.AbstractOAuth2IdentityProviderTest" time="0.008" tests="9" errors="0" skipped="0" failures="0">
  <properties>
    <property name="sun.desktop" value="windows"/>
    <property name="awt.toolkit" value="sun.awt.windows.WToolkit"/>
    <property name="file.encoding.pkg" value="sun.io"/>
    <property name="java.specification.version" value="1.8"/>
    <property name="sun.cpu.isalist" value="amd64"/>
    <property name="sun.jnu.encoding" value="MS949"/>
    <property name="java.class.path" value="C:\Users\WooLAB\Desktop\@DEV\hyperauth(keycloak코드짝퉁)\keycloak-services-11.0.2\target\test-classes;C:\Users\WooLAB\Desktop\@DEV\hyperauth(keycloak코드짝퉁)\keycloak-services-11.0.2\target\classes;C:\Users\WooLAB\.m2\repository\org\bouncycastle\bcprov-jdk15on\1.65\bcprov-jdk15on-1.65.jar;C:\Users\WooLAB\.m2\repository\org\bouncycastle\bcpkix-jdk15on\1.65\bcpkix-jdk15on-1.65.jar;C:\Users\WooLAB\.m2\repository\org\keycloak\keycloak-core\11.0.2\keycloak-core-11.0.2.jar;C:\Users\WooLAB\.m2\repository\org\freemarker\freemarker\2.3.29\freemarker-2.3.29.jar;C:\Users\WooLAB\.m2\repository\com\sun\mail\jakarta.mail\1.6.5\jakarta.mail-1.6.5.jar;C:\Users\WooLAB\.m2\repository\com\sun\activation\jakarta.activation\1.2.1\jakarta.activation-1.2.1.jar;C:\Users\WooLAB\.m2\repository\org\glassfish\jakarta.json\1.1.6\jakarta.json-1.1.6.jar;C:\Users\WooLAB\.m2\repository\org\keycloak\keycloak-common\11.0.2\keycloak-common-11.0.2.jar;C:\Users\WooLAB\.m2\repository\org\keycloak\keycloak-server-spi\11.0.2\keycloak-server-spi-11.0.2.jar;C:\Users\WooLAB\.m2\repository\com\tmax\hyperauth\server-spi-private\11.0.2\server-spi-private-11.0.2.jar;C:\Users\WooLAB\.m2\repository\org\keycloak\keycloak-ldap-federation\11.0.2\keycloak-ldap-federation-11.0.2.jar;C:\Users\WooLAB\.m2\repository\org\twitter4j\twitter4j-core\4.0.7\twitter4j-core-4.0.7.jar;C:\Users\WooLAB\.m2\repository\org\jboss\logging\jboss-logging\3.4.1.Final\jboss-logging-3.4.1.Final.jar;C:\Users\WooLAB\.m2\repository\org\jboss\logging\jboss-logging-annotations\2.2.1.Final\jboss-logging-annotations-2.2.1.Final.jar;C:\Users\WooLAB\.m2\repository\org\jboss\logging\jboss-logging-processor\2.2.1.Final\jboss-logging-processor-2.2.1.Final.jar;C:\Users\WooLAB\.m2\repository\org\jboss\jdeparser\jdeparser\2.0.3.Final\jdeparser-2.0.3.Final.jar;C:\Users\WooLAB\.m2\repository\org\jboss\resteasy\resteasy-jaxrs\3.12.1.Final\resteasy-jaxrs-3.12.1.Final.jar;C:\Users\WooLAB\.m2\repository\org\jboss\spec\javax\xml\bind\jboss-jaxb-api_2.3_spec\2.0.0.Final\jboss-jaxb-api_2.3_spec-2.0.0.Final.jar;C:\Users\WooLAB\.m2\repository\org\reactivestreams\reactive-streams\1.0.3\reactive-streams-1.0.3.jar;C:\Users\WooLAB\.m2\repository\jakarta\validation\jakarta.validation-api\2.0.2\jakarta.validation-api-2.0.2.jar;C:\Users\WooLAB\.m2\repository\org\jboss\spec\javax\annotation\jboss-annotations-api_1.3_spec\2.0.1.Final\jboss-annotations-api_1.3_spec-2.0.1.Final.jar;C:\Users\WooLAB\.m2\repository\org\apache\httpcomponents\httpclient\4.5.12\httpclient-4.5.12.jar;C:\Users\WooLAB\.m2\repository\org\apache\httpcomponents\httpcore\4.4.13\httpcore-4.4.13.jar;C:\Users\WooLAB\.m2\repository\commons-logging\commons-logging\1.2\commons-logging-1.2.jar;C:\Users\WooLAB\.m2\repository\commons-io\commons-io\2.6\commons-io-2.6.jar;C:\Users\WooLAB\.m2\repository\com\github\stephenc\jcip\jcip-annotations\1.0-1\jcip-annotations-1.0-1.jar;C:\Users\WooLAB\.m2\repository\org\jboss\spec\javax\ws\rs\jboss-jaxrs-api_2.1_spec\2.0.1.Final\jboss-jaxrs-api_2.1_spec-2.0.1.Final.jar;C:\Users\WooLAB\.m2\repository\org\jboss\spec\javax\transaction\jboss-transaction-api_1.3_spec\2.0.0.Final\jboss-transaction-api_1.3_spec-2.0.0.Final.jar;C:\Users\WooLAB\.m2\repository\org\jboss\resteasy\resteasy-multipart-provider\3.12.1.Final\resteasy-multipart-provider-3.12.1.Final.jar;C:\Users\WooLAB\.m2\repository\org\jboss\resteasy\resteasy-client\3.12.1.Final\resteasy-client-3.12.1.Final.jar;C:\Users\WooLAB\.m2\repository\org\jboss\resteasy\resteasy-jaxb-provider\3.12.1.Final\resteasy-jaxb-provider-3.12.1.Final.jar;C:\Users\WooLAB\.m2\repository\org\glassfish\jaxb\jaxb-runtime\2.3.3-b02\jaxb-runtime-2.3.3-b02.jar;C:\Users\WooLAB\.m2\repository\org\glassfish\jaxb\txw2\2.3.3-b02\txw2-2.3.3-b02.jar;C:\Users\WooLAB\.m2\repository\com\sun\istack\istack-commons-runtime\3.0.10\istack-commons-runtime-3.0.10.jar;C:\Users\WooLAB\.m2\repository\org\apache\james\apache-mime4j\0.6\apache-mime4j-0.6.jar;C:\Users\WooLAB\.m2\repository\com\googlecode\owasp-java-html-sanitizer\owasp-java-html-sanitizer\20191001.1\owasp-java-html-sanitizer-20191001.1.jar;C:\Users\WooLAB\.m2\repository\com\google\guava\guava\25.0-jre\guava-25.0-jre.jar;C:\Users\WooLAB\.m2\repository\com\google\code\findbugs\jsr305\1.3.9\jsr305-1.3.9.jar;C:\Users\WooLAB\.m2\repository\org\checkerframework\checker-compat-qual\2.0.0\checker-compat-qual-2.0.0.jar;C:\Users\WooLAB\.m2\repository\com\google\errorprone\error_prone_annotations\2.1.3\error_prone_annotations-2.1.3.jar;C:\Users\WooLAB\.m2\repository\com\google\j2objc\j2objc-annotations\1.1\j2objc-annotations-1.1.jar;C:\Users\WooLAB\.m2\repository\org\codehaus\mojo\animal-sniffer-annotations\1.14\animal-sniffer-annotations-1.14.jar;C:\Users\WooLAB\.m2\repository\com\fasterxml\jackson\core\jackson-core\2.10.4\jackson-core-2.10.4.jar;C:\Users\WooLAB\.m2\repository\com\fasterxml\jackson\core\jackson-databind\2.10.4\jackson-databind-2.10.4.jar;C:\Users\WooLAB\.m2\repository\com\fasterxml\jackson\core\jackson-annotations\2.10.4\jackson-annotations-2.10.4.jar;C:\Users\WooLAB\.m2\repository\com\fasterxml\jackson\datatype\jackson-datatype-jdk8\2.10.4\jackson-datatype-jdk8-2.10.4.jar;C:\Users\WooLAB\.m2\repository\com\fasterxml\woodstox\woodstox-core\6.0.3\woodstox-core-6.0.3.jar;C:\Users\WooLAB\.m2\repository\org\codehaus\woodstox\stax2-api\4.2\stax2-api-4.2.jar;C:\Users\WooLAB\.m2\repository\com\google\zxing\javase\3.4.0\javase-3.4.0.jar;C:\Users\WooLAB\.m2\repository\com\google\zxing\core\3.4.0\core-3.4.0.jar;C:\Users\WooLAB\.m2\repository\com\github\jai-imageio\jai-imageio-core\1.4.0\jai-imageio-core-1.4.0.jar;C:\Users\WooLAB\.m2\repository\org\keycloak\keycloak-saml-core-public\11.0.2\keycloak-saml-core-public-11.0.2.jar;C:\Users\WooLAB\.m2\repository\org\apache\santuario\xmlsec\2.1.4\xmlsec-2.1.4.jar;C:\Users\WooLAB\.m2\repository\javax\xml\bind\jaxb-api\2.4.0-b180830.0359\jaxb-api-2.4.0-b180830.0359.jar;C:\Users\WooLAB\.m2\repository\javax\activation\javax.activation-api\1.2.0\javax.activation-api-1.2.0.jar;C:\Users\WooLAB\.m2\repository\com\sun\xml\ws\rt\2.3.1\rt-2.3.1.jar;C:\Users\WooLAB\.m2\repository\javax\annotation\javax.annotation-api\1.3.2\javax.annotation-api-1.3.2.jar;C:\Users\WooLAB\.m2\repository\com\sun\xml\ws\policy\2.7.5\policy-2.7.5.jar;C:\Users\WooLAB\.m2\repository\com\sun\activation\javax.activation\1.2.0\javax.activation-1.2.0.jar;C:\Users\WooLAB\.m2\repository\org\glassfish\gmbal\gmbal-api-only\3.1.0-b001\gmbal-api-only-3.1.0-b001.jar;C:\Users\WooLAB\.m2\repository\org\glassfish\external\management-api\3.0.0-b012\management-api-3.0.0-b012.jar;C:\Users\WooLAB\.m2\repository\org\jvnet\staxex\stax-ex\1.8\stax-ex-1.8.jar;C:\Users\WooLAB\.m2\repository\com\sun\xml\stream\buffer\streambuffer\1.5.6\streambuffer-1.5.6.jar;C:\Users\WooLAB\.m2\repository\org\jvnet\mimepull\mimepull\1.9.10\mimepull-1.9.10.jar;C:\Users\WooLAB\.m2\repository\org\glassfish\ha\ha-api\3.1.9\ha-api-3.1.9.jar;C:\Users\WooLAB\.m2\repository\com\sun\xml\messaging\saaj\saaj-impl\1.5.0\saaj-impl-1.5.0.jar;C:\Users\WooLAB\.m2\repository\javax\xml\ws\jaxws-api\2.3.1\jaxws-api-2.3.1.jar;C:\Users\WooLAB\.m2\repository\javax\xml\soap\javax.xml.soap-api\1.4.0\javax.xml.soap-api-1.4.0.jar;C:\Users\WooLAB\.m2\repository\javax\jws\javax.jws-api\1.1\javax.jws-api-1.1.jar;C:\Users\WooLAB\.m2\repository\org\keycloak\keycloak-saml-core\11.0.2\keycloak-saml-core-11.0.2.jar;C:\Users\WooLAB\.m2\repository\junit\junit\4.12\junit-4.12.jar;C:\Users\WooLAB\.m2\repository\org\hamcrest\hamcrest-core\1.3\hamcrest-core-1.3.jar;C:\Users\WooLAB\.m2\repository\org\hamcrest\hamcrest-all\1.3\hamcrest-all-1.3.jar;C:\Users\WooLAB\.m2\repository\com\icegreen\greenmail\1.3.1b\greenmail-1.3.1b.jar;C:\Users\WooLAB\.m2\repository\javax\mail\mail\1.4\mail-1.4.jar;C:\Users\WooLAB\.m2\repository\javax\activation\activation\1.1\activation-1.1.jar;C:\Users\WooLAB\.m2\repository\com\openshift\openshift-restclient-java\8.0.0.Final\openshift-restclient-java-8.0.0.Final.jar;C:\Users\WooLAB\.m2\repository\com\squareup\okhttp3\okhttp\3.14.2\okhttp-3.14.2.jar;C:\Users\WooLAB\.m2\repository\com\squareup\okio\okio\1.17.2\okio-1.17.2.jar;C:\Users\WooLAB\.m2\repository\org\yaml\snakeyaml\1.14\snakeyaml-1.14.jar;C:\Users\WooLAB\.m2\repository\org\jboss\jboss-dmr\1.5.1.Final\jboss-dmr-1.5.1.Final.jar;C:\Users\WooLAB\.m2\repository\org\apache\commons\commons-compress\1.18\commons-compress-1.18.jar;C:\Users\WooLAB\.m2\repository\org\slf4j\slf4j-api\1.7.30\slf4j-api-1.7.30.jar;C:\Users\WooLAB\.m2\repository\org\slf4j\slf4j-log4j12\1.7.30\slf4j-log4j12-1.7.30.jar;C:\Users\WooLAB\.m2\repository\log4j\log4j\1.2.17\log4j-1.2.17.jar;C:\Users\WooLAB\.m2\repository\commons-codec\commons-codec\1.6\commons-codec-1.6.jar;C:\Users\WooLAB\.m2\repository\commons-lang\commons-lang\2.6\commons-lang-2.6.jar;C:\Users\WooLAB\.m2\repository\com\webauthn4j\webauthn4j-core\0.12.0.RELEASE\webauthn4j-core-0.12.0.RELEASE.jar;C:\Users\WooLAB\.m2\repository\com\webauthn4j\webauthn4j-util\0.12.0.RELEASE\webauthn4j-util-0.12.0.RELEASE.jar;C:\Users\WooLAB\.m2\repository\org\apache\kerby\kerby-asn1\2.0.0\kerby-asn1-2.0.0.jar;C:\Users\WooLAB\.m2\repository\com\fasterxml\jackson\dataformat\jackson-dataformat-cbor\2.10.4\jackson-dataformat-cbor-2.10.4.jar;"/>
    <property name="java.vm.vendor" value="Oracle Corporation"/>
    <property name="sun.arch.data.model" value="64"/>
    <property name="user.variant" value=""/>
    <property name="java.vendor.url" value="http://java.oracle.com/"/>
    <property name="user.timezone" value="Asia/Seoul"/>
    <property name="java.vm.specification.version" value="1.8"/>
    <property name="os.name" value="Windows 10"/>
    <property name="user.country" value="KR"/>
    <property name="sun.java.launcher" value="SUN_STANDARD"/>
    <property name="sun.boot.library.path" value="C:\Program Files\Java\jdk1.8.0_231\jre\bin"/>
    <property name="sun.java.command" value="C:\Users\WooLAB\AppData\Local\Temp\surefire7724425081758700574\surefirebooter1655618136069592324.jar C:\Users\WooLAB\AppData\Local\Temp\surefire7724425081758700574 2021-12-02T18-14-50_887-jvmRun1 surefire5837613363790750237tmp surefire_01121883876898994081tmp"/>
    <property name="surefire.test.class.path" value="C:\Users\WooLAB\Desktop\@DEV\hyperauth(keycloak코드짝퉁)\keycloak-services-11.0.2\target\test-classes;C:\Users\WooLAB\Desktop\@DEV\hyperauth(keycloak코드짝퉁)\keycloak-services-11.0.2\target\classes;C:\Users\WooLAB\.m2\repository\org\bouncycastle\bcprov-jdk15on\1.65\bcprov-jdk15on-1.65.jar;C:\Users\WooLAB\.m2\repository\org\bouncycastle\bcpkix-jdk15on\1.65\bcpkix-jdk15on-1.65.jar;C:\Users\WooLAB\.m2\repository\org\keycloak\keycloak-core\11.0.2\keycloak-core-11.0.2.jar;C:\Users\WooLAB\.m2\repository\org\freemarker\freemarker\2.3.29\freemarker-2.3.29.jar;C:\Users\WooLAB\.m2\repository\com\sun\mail\jakarta.mail\1.6.5\jakarta.mail-1.6.5.jar;C:\Users\WooLAB\.m2\repository\com\sun\activation\jakarta.activation\1.2.1\jakarta.activation-1.2.1.jar;C:\Users\WooLAB\.m2\repository\org\glassfish\jakarta.json\1.1.6\jakarta.json-1.1.6.jar;C:\Users\WooLAB\.m2\repository\org\keycloak\keycloak-common\11.0.2\keycloak-common-11.0.2.jar;C:\Users\WooLAB\.m2\repository\org\keycloak\keycloak-server-spi\11.0.2\keycloak-server-spi-11.0.2.jar;C:\Users\WooLAB\.m2\repository\com\tmax\hyperauth\server-spi-private\11.0.2\server-spi-private-11.0.2.jar;C:\Users\WooLAB\.m2\repository\org\keycloak\keycloak-ldap-federation\11.0.2\keycloak-ldap-federation-11.0.2.jar;C:\Users\WooLAB\.m2\repository\org\twitter4j\twitter4j-core\4.0.7\twitter4j-core-4.0.7.jar;C:\Users\WooLAB\.m2\repository\org\jboss\logging\jboss-logging\3.4.1.Final\jboss-logging-3.4.1.Final.jar;C:\Users\WooLAB\.m2\repository\org\jboss\logging\jboss-logging-annotations\2.2.1.Final\jboss-logging-annotations-2.2.1.Final.jar;C:\Users\WooLAB\.m2\repository\org\jboss\logging\jboss-logging-processor\2.2.1.Final\jboss-logging-processor-2.2.1.Final.jar;C:\Users\WooLAB\.m2\repository\org\jboss\jdeparser\jdeparser\2.0.3.Final\jdeparser-2.0.3.Final.jar;C:\Users\WooLAB\.m2\repository\org\jboss\resteasy\resteasy-jaxrs\3.12.1.Final\resteasy-jaxrs-3.12.1.Final.jar;C:\Users\WooLAB\.m2\repository\org\jboss\spec\javax\xml\bind\jboss-jaxb-api_2.3_spec\2.0.0.Final\jboss-jaxb-api_2.3_spec-2.0.0.Final.jar;C:\Users\WooLAB\.m2\repository\org\reactivestreams\reactive-streams\1.0.3\reactive-streams-1.0.3.jar;C:\Users\WooLAB\.m2\repository\jakarta\validation\jakarta.validation-api\2.0.2\jakarta.validation-api-2.0.2.jar;C:\Users\WooLAB\.m2\repository\org\jboss\spec\javax\annotation\jboss-annotations-api_1.3_spec\2.0.1.Final\jboss-annotations-api_1.3_spec-2.0.1.Final.jar;C:\Users\WooLAB\.m2\repository\org\apache\httpcomponents\httpclient\4.5.12\httpclient-4.5.12.jar;C:\Users\WooLAB\.m2\repository\org\apache\httpcomponents\httpcore\4.4.13\httpcore-4.4.13.jar;C:\Users\WooLAB\.m2\repository\commons-logging\commons-logging\1.2\commons-logging-1.2.jar;C:\Users\WooLAB\.m2\repository\commons-io\commons-io\2.6\commons-io-2.6.jar;C:\Users\WooLAB\.m2\repository\com\github\stephenc\jcip\jcip-annotations\1.0-1\jcip-annotations-1.0-1.jar;C:\Users\WooLAB\.m2\repository\org\jboss\spec\javax\ws\rs\jboss-jaxrs-api_2.1_spec\2.0.1.Final\jboss-jaxrs-api_2.1_spec-2.0.1.Final.jar;C:\Users\WooLAB\.m2\repository\org\jboss\spec\javax\transaction\jboss-transaction-api_1.3_spec\2.0.0.Final\jboss-transaction-api_1.3_spec-2.0.0.Final.jar;C:\Users\WooLAB\.m2\repository\org\jboss\resteasy\resteasy-multipart-provider\3.12.1.Final\resteasy-multipart-provider-3.12.1.Final.jar;C:\Users\WooLAB\.m2\repository\org\jboss\resteasy\resteasy-client\3.12.1.Final\resteasy-client-3.12.1.Final.jar;C:\Users\WooLAB\.m2\repository\org\jboss\resteasy\resteasy-jaxb-provider\3.12.1.Final\resteasy-jaxb-provider-3.12.1.Final.jar;C:\Users\WooLAB\.m2\repository\org\glassfish\jaxb\jaxb-runtime\2.3.3-b02\jaxb-runtime-2.3.3-b02.jar;C:\Users\WooLAB\.m2\repository\org\glassfish\jaxb\txw2\2.3.3-b02\txw2-2.3.3-b02.jar;C:\Users\WooLAB\.m2\repository\com\sun\istack\istack-commons-runtime\3.0.10\istack-commons-runtime-3.0.10.jar;C:\Users\WooLAB\.m2\repository\org\apache\james\apache-mime4j\0.6\apache-mime4j-0.6.jar;C:\Users\WooLAB\.m2\repository\com\googlecode\owasp-java-html-sanitizer\owasp-java-html-sanitizer\20191001.1\owasp-java-html-sanitizer-20191001.1.jar;C:\Users\WooLAB\.m2\repository\com\google\guava\guava\25.0-jre\guava-25.0-jre.jar;C:\Users\WooLAB\.m2\repository\com\google\code\findbugs\jsr305\1.3.9\jsr305-1.3.9.jar;C:\Users\WooLAB\.m2\repository\org\checkerframework\checker-compat-qual\2.0.0\checker-compat-qual-2.0.0.jar;C:\Users\WooLAB\.m2\repository\com\google\errorprone\error_prone_annotations\2.1.3\error_prone_annotations-2.1.3.jar;C:\Users\WooLAB\.m2\repository\com\google\j2objc\j2objc-annotations\1.1\j2objc-annotations-1.1.jar;C:\Users\WooLAB\.m2\repository\org\codehaus\mojo\animal-sniffer-annotations\1.14\animal-sniffer-annotations-1.14.jar;C:\Users\WooLAB\.m2\repository\com\fasterxml\jackson\core\jackson-core\2.10.4\jackson-core-2.10.4.jar;C:\Users\WooLAB\.m2\repository\com\fasterxml\jackson\core\jackson-databind\2.10.4\jackson-databind-2.10.4.jar;C:\Users\WooLAB\.m2\repository\com\fasterxml\jackson\core\jackson-annotations\2.10.4\jackson-annotations-2.10.4.jar;C:\Users\WooLAB\.m2\repository\com\fasterxml\jackson\datatype\jackson-datatype-jdk8\2.10.4\jackson-datatype-jdk8-2.10.4.jar;C:\Users\WooLAB\.m2\repository\com\fasterxml\woodstox\woodstox-core\6.0.3\woodstox-core-6.0.3.jar;C:\Users\WooLAB\.m2\repository\org\codehaus\woodstox\stax2-api\4.2\stax2-api-4.2.jar;C:\Users\WooLAB\.m2\repository\com\google\zxing\javase\3.4.0\javase-3.4.0.jar;C:\Users\WooLAB\.m2\repository\com\google\zxing\core\3.4.0\core-3.4.0.jar;C:\Users\WooLAB\.m2\repository\com\github\jai-imageio\jai-imageio-core\1.4.0\jai-imageio-core-1.4.0.jar;C:\Users\WooLAB\.m2\repository\org\keycloak\keycloak-saml-core-public\11.0.2\keycloak-saml-core-public-11.0.2.jar;C:\Users\WooLAB\.m2\repository\org\apache\santuario\xmlsec\2.1.4\xmlsec-2.1.4.jar;C:\Users\WooLAB\.m2\repository\javax\xml\bind\jaxb-api\2.4.0-b180830.0359\jaxb-api-2.4.0-b180830.0359.jar;C:\Users\WooLAB\.m2\repository\javax\activation\javax.activation-api\1.2.0\javax.activation-api-1.2.0.jar;C:\Users\WooLAB\.m2\repository\com\sun\xml\ws\rt\2.3.1\rt-2.3.1.jar;C:\Users\WooLAB\.m2\repository\javax\annotation\javax.annotation-api\1.3.2\javax.annotation-api-1.3.2.jar;C:\Users\WooLAB\.m2\repository\com\sun\xml\ws\policy\2.7.5\policy-2.7.5.jar;C:\Users\WooLAB\.m2\repository\com\sun\activation\javax.activation\1.2.0\javax.activation-1.2.0.jar;C:\Users\WooLAB\.m2\repository\org\glassfish\gmbal\gmbal-api-only\3.1.0-b001\gmbal-api-only-3.1.0-b001.jar;C:\Users\WooLAB\.m2\repository\org\glassfish\external\management-api\3.0.0-b012\management-api-3.0.0-b012.jar;C:\Users\WooLAB\.m2\repository\org\jvnet\staxex\stax-ex\1.8\stax-ex-1.8.jar;C:\Users\WooLAB\.m2\repository\com\sun\xml\stream\buffer\streambuffer\1.5.6\streambuffer-1.5.6.jar;C:\Users\WooLAB\.m2\repository\org\jvnet\mimepull\mimepull\1.9.10\mimepull-1.9.10.jar;C:\Users\WooLAB\.m2\repository\org\glassfish\ha\ha-api\3.1.9\ha-api-3.1.9.jar;C:\Users\WooLAB\.m2\repository\com\sun\xml\messaging\saaj\saaj-impl\1.5.0\saaj-impl-1.5.0.jar;C:\Users\WooLAB\.m2\repository\javax\xml\ws\jaxws-api\2.3.1\jaxws-api-2.3.1.jar;C:\Users\WooLAB\.m2\repository\javax\xml\soap\javax.xml.soap-api\1.4.0\javax.xml.soap-api-1.4.0.jar;C:\Users\WooLAB\.m2\repository\javax\jws\javax.jws-api\1.1\javax.jws-api-1.1.jar;C:\Users\WooLAB\.m2\repository\org\keycloak\keycloak-saml-core\11.0.2\keycloak-saml-core-11.0.2.jar;C:\Users\WooLAB\.m2\repository\junit\junit\4.12\junit-4.12.jar;C:\Users\WooLAB\.m2\repository\org\hamcrest\hamcrest-core\1.3\hamcrest-core-1.3.jar;C:\Users\WooLAB\.m2\repository\org\hamcrest\hamcrest-all\1.3\hamcrest-all-1.3.jar;C:\Users\WooLAB\.m2\repository\com\icegreen\greenmail\1.3.1b\greenmail-1.3.1b.jar;C:\Users\WooLAB\.m2\repository\javax\mail\mail\1.4\mail-1.4.jar;C:\Users\WooLAB\.m2\repository\javax\activation\activation\1.1\activation-1.1.jar;C:\Users\WooLAB\.m2\repository\com\openshift\openshift-restclient-java\8.0.0.Final\openshift-restclient-java-8.0.0.Final.jar;C:\Users\WooLAB\.m2\repository\com\squareup\okhttp3\okhttp\3.14.2\okhttp-3.14.2.jar;C:\Users\WooLAB\.m2\repository\com\squareup\okio\okio\1.17.2\okio-1.17.2.jar;C:\Users\WooLAB\.m2\repository\org\yaml\snakeyaml\1.14\snakeyaml-1.14.jar;C:\Users\WooLAB\.m2\repository\org\jboss\jboss-dmr\1.5.1.Final\jboss-dmr-1.5.1.Final.jar;C:\Users\WooLAB\.m2\repository\org\apache\commons\commons-compress\1.18\commons-compress-1.18.jar;C:\Users\WooLAB\.m2\repository\org\slf4j\slf4j-api\1.7.30\slf4j-api-1.7.30.jar;C:\Users\WooLAB\.m2\repository\org\slf4j\slf4j-log4j12\1.7.30\slf4j-log4j12-1.7.30.jar;C:\Users\WooLAB\.m2\repository\log4j\log4j\1.2.17\log4j-1.2.17.jar;C:\Users\WooLAB\.m2\repository\commons-codec\commons-codec\1.6\commons-codec-1.6.jar;C:\Users\WooLAB\.m2\repository\commons-lang\commons-lang\2.6\commons-lang-2.6.jar;C:\Users\WooLAB\.m2\repository\com\webauthn4j\webauthn4j-core\0.12.0.RELEASE\webauthn4j-core-0.12.0.RELEASE.jar;C:\Users\WooLAB\.m2\repository\com\webauthn4j\webauthn4j-util\0.12.0.RELEASE\webauthn4j-util-0.12.0.RELEASE.jar;C:\Users\WooLAB\.m2\repository\org\apache\kerby\kerby-asn1\2.0.0\kerby-asn1-2.0.0.jar;C:\Users\WooLAB\.m2\repository\com\fasterxml\jackson\dataformat\jackson-dataformat-cbor\2.10.4\jackson-dataformat-cbor-2.10.4.jar;"/>
    <property name="sun.cpu.endian" value="little"/>
    <property name="user.home" value="C:\Users\WooLAB"/>
    <property name="user.language" value="ko"/>
    <property name="java.specification.vendor" value="Oracle Corporation"/>
    <property name="java.home" value="C:\Program Files\Java\jdk1.8.0_231\jre"/>
    <property name="basedir" value="C:\Users\WooLAB\Desktop\@DEV\hyperauth(keycloak코드짝퉁)\keycloak-services-11.0.2"/>
    <property name="file.separator" value="\"/>
    <property name="line.separator" value="&#10;"/>
    <property name="java.vm.specification.vendor" value="Oracle Corporation"/>
    <property name="java.specification.name" value="Java Platform API Specification"/>
    <property name="java.awt.graphicsenv" value="sun.awt.Win32GraphicsEnvironment"/>
    <property name="java.awt.headless" value="true"/>
    <property name="surefire.real.class.path" value="C:\Users\WooLAB\AppData\Local\Temp\surefire7724425081758700574\surefirebooter1655618136069592324.jar"/>
    <property name="sun.boot.class.path" value="C:\Program Files\Java\jdk1.8.0_231\jre\lib\resources.jar;C:\Program Files\Java\jdk1.8.0_231\jre\lib\rt.jar;C:\Program Files\Java\jdk1.8.0_231\jre\lib\sunrsasign.jar;C:\Program Files\Java\jdk1.8.0_231\jre\lib\jsse.jar;C:\Program Files\Java\jdk1.8.0_231\jre\lib\jce.jar;C:\Program Files\Java\jdk1.8.0_231\jre\lib\charsets.jar;C:\Program Files\Java\jdk1.8.0_231\jre\lib\jfr.jar;C:\Program Files\Java\jdk1.8.0_231\jre\classes"/>
    <property name="user.script" value=""/>
    <property name="sun.management.compiler" value="HotSpot 64-Bit Tiered Compilers"/>
    <property name="java.runtime.version" value="1.8.0_231-b11"/>
    <property name="user.name" value="WooLAB"/>
    <property name="path.separator" value=";"/>
    <property name="os.version" value="10.0"/>
    <property name="java.endorsed.dirs" value="C:\Program Files\Java\jdk1.8.0_231\jre\lib\endorsed"/>
    <property name="java.runtime.name" value="Java(TM) SE Runtime Environment"/>
    <property name="file.encoding" value="MS949"/>
    <property name="java.vm.name" value="Java HotSpot(TM) 64-Bit Server VM"/>
    <property name="localRepository" value="C:\Users\WooLAB\.m2\repository"/>
    <property name="java.vendor.url.bug" value="http://bugreport.sun.com/bugreport/"/>
    <property name="java.io.tmpdir" value="C:\Users\WooLAB\Desktop\@DEV\hyperauth(keycloak코드짝퉁)\keycloak-services-11.0.2\target"/>
    <property name="java.version" value="1.8.0_231"/>
    <property name="user.dir" value="C:\Users\WooLAB\Desktop\@DEV\hyperauth(keycloak코드짝퉁)\keycloak-services-11.0.2"/>
    <property name="os.arch" value="amd64"/>
    <property name="java.vm.specification.name" value="Java Virtual Machine Specification"/>
    <property name="java.awt.printerjob" value="sun.awt.windows.WPrinterJob"/>
    <property name="sun.os.patch.level" value=""/>
    <property name="java.library.path" value="C:\Program Files\Java\jdk1.8.0_231\jre\bin;C:\WINDOWS\Sun\Java\bin;C:\WINDOWS\system32;C:\WINDOWS;C:\Users\WooLAB\bin;C:\Program Files\Git\mingw64\bin;C:\Program Files\Git\usr\local\bin;C:\Program Files\Git\usr\bin;C:\Program Files\Git\usr\bin;C:\Program Files\Git\mingw64\bin;C:\Program Files\Git\usr\bin;C:\Users\WooLAB\bin;C:\Program Files (x86)\Common Files\Oracle\Java\javapath;C:\WINDOWS\system32;C:\WINDOWS;C:\WINDOWS\System32\Wbem;C:\WINDOWS\System32\WindowsPowerShell\v1.0;C:\WINDOWS\System32\OpenSSH;C:\Program Files\Git\cmd;C:\Program Files\TortoiseGit\bin;C:\Program Files\dotnet;C:\gradle\gradle-6.2.1\bin;C:\Go\bin;C:\Program Files (x86)\GnuWin32\bin;C:\Program Files\nodejs;C:\Program Files\Git\usr\bin;C:\Program Files (x86)\NetSarang\Xshell 7;C:\Users\WooLAB\anaconda3;C:\Users\WooLAB\anaconda3\Library\mingw-w64\bin;C:\Users\WooLAB\anaconda3\Library\usr\bin;C:\Users\WooLAB\anaconda3\Library\bin;C:\Users\WooLAB\anaconda3\Scripts;C:\Users\WooLAB\AppData\Local\Microsoft\WindowsApps;C:\Program Files\Java\jdk1.8.0_231\bin;C:\Users\WooLAB\Desktop\@DEV\apache-maven-3.6.2-bin\apache-maven-3.6.2\bin;C:\Users\WooLAB\AppData\Local\GitHubDesktop\bin;C:\Users\WooLAB\go\bin;C:\Users\WooLAB\AppData\Local\atom\bin;C:\Program Files\Bandizip;C:\Users\WooLAB\AppData\Local\Microsoft\WindowsApps;C:\Users\WooLAB\AppData\Local\JetBrains\IntelliJ IDEA 2020.2.1\bin;C:\Users\WooLAB\go\bin;C:\Program Files\JetBrains\GoLand 2020.2.2\bin;C:\Users\WooLAB\AppData\Roaming\npm;C:\Users\WooLAB\AppData\Local\Programs\Microsoft VS Code\bin;C:\Program Files\JetBrains\PyCharm 2021.1.2\bin;C:\Program Files\Git\usr\bin\vendor_perl;C:\Program Files\Git\usr\bin\core_perl;."/>
    <property name="java.vm.info" value="mixed mode"/>
    <property name="java.vendor" value="Oracle Corporation"/>
    <property name="java.vm.version" value="25.231-b11"/>
    <property name="java.ext.dirs" value="C:\Program Files\Java\jdk1.8.0_231\jre\lib\ext;C:\WINDOWS\Sun\Java\lib\ext"/>
    <property name="sun.io.unicode.encoding" value="UnicodeLittle"/>
    <property name="java.class.version" value="52.0"/>
  </properties>
  <testcase name="getFederatedIdentity_responseJSON_nullTokenField" classname="org.keycloak.test.broker.oidc.AbstractOAuth2IdentityProviderTest" time="0"/>
  <testcase name="getFederatedIdentity_responseJSON_invalidFormat" classname="org.keycloak.test.broker.oidc.AbstractOAuth2IdentityProviderTest" time="0"/>
  <testcase name="getFederatedIdentity_responseUrlLine_tokenNotFound" classname="org.keycloak.test.broker.oidc.AbstractOAuth2IdentityProviderTest" time="0"/>
  <testcase name="getFederatedIdentity_responseJSON" classname="org.keycloak.test.broker.oidc.AbstractOAuth2IdentityProviderTest" time="0"/>
  <testcase name="getJsonProperty_asJsonNode" classname="org.keycloak.test.broker.oidc.AbstractOAuth2IdentityProviderTest" time="0.001"/>
  <testcase name="constructor_defaultScopeHandling" classname="org.keycloak.test.broker.oidc.AbstractOAuth2IdentityProviderTest" time="0"/>
  <testcase name="getFederatedIdentity_responseJSON_tokenNotFound" classname="org.keycloak.test.broker.oidc.AbstractOAuth2IdentityProviderTest" time="0"/>
  <testcase name="getFederatedIdentity_responseUrlLine" classname="org.keycloak.test.broker.oidc.AbstractOAuth2IdentityProviderTest" time="0"/>
  <testcase name="getFederatedIdentity_responseJSON_emptyTokenField" classname="org.keycloak.test.broker.oidc.AbstractOAuth2IdentityProviderTest" time="0.001"/>
</testsuite>