<?xml version="1.0" encoding="UTF-8"?>
<testsuite xmlns:xsi="http://www.w3.org/2001/XMLSchema-instance" xsi:noNamespaceSchemaLocation="https://maven.apache.org/surefire/maven-surefire-plugin/xsd/surefire-test-report.xsd" name="org.keycloak.connections.httpclient.DefaultHttpClientFactoryTest" time="1.275" tests="2" errors="1" skipped="0" failures="0">
  <properties>
    <property name="sun.desktop" value="windows"/>
    <property name="awt.toolkit" value="sun.awt.windows.WToolkit"/>
    <property name="java.specification.version" value="11"/>
    <property name="sun.cpu.isalist" value="amd64"/>
    <property name="sun.jnu.encoding" value="MS949"/>
    <property name="java.class.path" value="D:\workspace\services\target\test-classes;D:\workspace\services\target\classes;C:\Users\skerl\.m2\repository\org\bouncycastle\bcprov-jdk15on\1.65\bcprov-jdk15on-1.65.jar;C:\Users\skerl\.m2\repository\org\bouncycastle\bcpkix-jdk15on\1.65\bcpkix-jdk15on-1.65.jar;C:\Users\skerl\.m2\repository\org\keycloak\keycloak-core\11.0.2\keycloak-core-11.0.2.jar;C:\Users\skerl\.m2\repository\org\freemarker\freemarker\2.3.29\freemarker-2.3.29.jar;C:\Users\skerl\.m2\repository\com\sun\mail\jakarta.mail\1.6.5\jakarta.mail-1.6.5.jar;C:\Users\skerl\.m2\repository\com\sun\activation\jakarta.activation\1.2.1\jakarta.activation-1.2.1.jar;C:\Users\skerl\.m2\repository\org\glassfish\jakarta.json\1.1.6\jakarta.json-1.1.6.jar;C:\Users\skerl\.m2\repository\org\keycloak\keycloak-common\11.0.2\keycloak-common-11.0.2.jar;C:\Users\skerl\.m2\repository\org\keycloak\keycloak-server-spi\11.0.2\keycloak-server-spi-11.0.2.jar;C:\Users\skerl\.m2\repository\org\keycloak\keycloak-server-spi-private\11.0.2\keycloak-server-spi-private-11.0.2.jar;C:\Users\skerl\.m2\repository\com\github\ua-parser\uap-java\1.4.3\uap-java-1.4.3.jar;C:\Users\skerl\.m2\repository\org\apache\commons\commons-collections4\4.1\commons-collections4-4.1.jar;C:\Users\skerl\.m2\repository\org\keycloak\keycloak-ldap-federation\11.0.2\keycloak-ldap-federation-11.0.2.jar;C:\Users\skerl\.m2\repository\org\twitter4j\twitter4j-core\4.0.7\twitter4j-core-4.0.7.jar;C:\Users\skerl\.m2\repository\org\jboss\logging\jboss-logging\3.4.1.Final\jboss-logging-3.4.1.Final.jar;C:\Users\skerl\.m2\repository\org\jboss\logging\jboss-logging-annotations\2.2.1.Final\jboss-logging-annotations-2.2.1.Final.jar;C:\Users\skerl\.m2\repository\org\jboss\logging\jboss-logging-processor\2.2.1.Final\jboss-logging-processor-2.2.1.Final.jar;C:\Users\skerl\.m2\repository\org\jboss\jdeparser\jdeparser\2.0.3.Final\jdeparser-2.0.3.Final.jar;C:\Users\skerl\.m2\repository\org\jboss\resteasy\resteasy-jaxrs\3.12.1.Final\resteasy-jaxrs-3.12.1.Final.jar;C:\Users\skerl\.m2\repository\org\jboss\spec\javax\xml\bind\jboss-jaxb-api_2.3_spec\2.0.0.Final\jboss-jaxb-api_2.3_spec-2.0.0.Final.jar;C:\Users\skerl\.m2\repository\org\reactivestreams\reactive-streams\1.0.3\reactive-streams-1.0.3.jar;C:\Users\skerl\.m2\repository\jakarta\validation\jakarta.validation-api\2.0.2\jakarta.validation-api-2.0.2.jar;C:\Users\skerl\.m2\repository\org\jboss\spec\javax\annotation\jboss-annotations-api_1.3_spec\2.0.1.Final\jboss-annotations-api_1.3_spec-2.0.1.Final.jar;C:\Users\skerl\.m2\repository\org\apache\httpcomponents\httpclient\4.5.12\httpclient-4.5.12.jar;C:\Users\skerl\.m2\repository\org\apache\httpcomponents\httpcore\4.4.13\httpcore-4.4.13.jar;C:\Users\skerl\.m2\repository\commons-logging\commons-logging\1.2\commons-logging-1.2.jar;C:\Users\skerl\.m2\repository\commons-io\commons-io\2.6\commons-io-2.6.jar;C:\Users\skerl\.m2\repository\com\github\stephenc\jcip\jcip-annotations\1.0-1\jcip-annotations-1.0-1.jar;C:\Users\skerl\.m2\repository\org\jboss\spec\javax\ws\rs\jboss-jaxrs-api_2.1_spec\2.0.1.Final\jboss-jaxrs-api_2.1_spec-2.0.1.Final.jar;C:\Users\skerl\.m2\repository\org\jboss\spec\javax\transaction\jboss-transaction-api_1.3_spec\2.0.0.Final\jboss-transaction-api_1.3_spec-2.0.0.Final.jar;C:\Users\skerl\.m2\repository\org\jboss\resteasy\resteasy-multipart-provider\3.12.1.Final\resteasy-multipart-provider-3.12.1.Final.jar;C:\Users\skerl\.m2\repository\org\jboss\resteasy\resteasy-client\3.12.1.Final\resteasy-client-3.12.1.Final.jar;C:\Users\skerl\.m2\repository\org\jboss\resteasy\resteasy-jaxb-provider\3.12.1.Final\resteasy-jaxb-provider-3.12.1.Final.jar;C:\Users\skerl\.m2\repository\org\glassfish\jaxb\jaxb-runtime\2.3.3-b02\jaxb-runtime-2.3.3-b02.jar;C:\Users\skerl\.m2\repository\org\glassfish\jaxb\txw2\2.3.3-b02\txw2-2.3.3-b02.jar;C:\Users\skerl\.m2\repository\com\sun\istack\istack-commons-runtime\3.0.10\istack-commons-runtime-3.0.10.jar;C:\Users\skerl\.m2\repository\org\apache\james\apache-mime4j\0.6\apache-mime4j-0.6.jar;C:\Users\skerl\.m2\repository\com\googlecode\owasp-java-html-sanitizer\owasp-java-html-sanitizer\20191001.1\owasp-java-html-sanitizer-20191001.1.jar;C:\Users\skerl\.m2\repository\com\google\guava\guava\25.0-jre\guava-25.0-jre.jar;C:\Users\skerl\.m2\repository\com\google\code\findbugs\jsr305\1.3.9\jsr305-1.3.9.jar;C:\Users\skerl\.m2\repository\org\checkerframework\checker-compat-qual\2.0.0\checker-compat-qual-2.0.0.jar;C:\Users\skerl\.m2\repository\com\google\errorprone\error_prone_annotations\2.1.3\error_prone_annotations-2.1.3.jar;C:\Users\skerl\.m2\repository\com\google\j2objc\j2objc-annotations\1.1\j2objc-annotations-1.1.jar;C:\Users\skerl\.m2\repository\org\codehaus\mojo\animal-sniffer-annotations\1.14\animal-sniffer-annotations-1.14.jar;C:\Users\skerl\.m2\repository\com\fasterxml\jackson\core\jackson-core\2.10.4\jackson-core-2.10.4.jar;C:\Users\skerl\.m2\repository\com\fasterxml\jackson\core\jackson-databind\2.10.4\jackson-databind-2.10.4.jar;C:\Users\skerl\.m2\repository\com\fasterxml\jackson\core\jackson-annotations\2.10.4\jackson-annotations-2.10.4.jar;C:\Users\skerl\.m2\repository\com\fasterxml\jackson\datatype\jackson-datatype-jdk8\2.10.4\jackson-datatype-jdk8-2.10.4.jar;C:\Users\skerl\.m2\repository\com\fasterxml\woodstox\woodstox-core\6.0.3\woodstox-core-6.0.3.jar;C:\Users\skerl\.m2\repository\org\codehaus\woodstox\stax2-api\4.2\stax2-api-4.2.jar;C:\Users\skerl\.m2\repository\com\google\zxing\javase\3.4.0\javase-3.4.0.jar;C:\Users\skerl\.m2\repository\com\google\zxing\core\3.4.0\core-3.4.0.jar;C:\Users\skerl\.m2\repository\com\github\jai-imageio\jai-imageio-core\1.4.0\jai-imageio-core-1.4.0.jar;C:\Users\skerl\.m2\repository\org\keycloak\keycloak-saml-core-public\11.0.2\keycloak-saml-core-public-11.0.2.jar;C:\Users\skerl\.m2\repository\org\apache\santuario\xmlsec\2.1.4\xmlsec-2.1.4.jar;C:\Users\skerl\.m2\repository\jakarta\xml\bind\jakarta.xml.bind-api\2.3.2\jakarta.xml.bind-api-2.3.2.jar;C:\Users\skerl\.m2\repository\jakarta\activation\jakarta.activation-api\1.2.1\jakarta.activation-api-1.2.1.jar;C:\Users\skerl\.m2\repository\javax\xml\bind\jaxb-api\2.4.0-b180830.0359\jaxb-api-2.4.0-b180830.0359.jar;C:\Users\skerl\.m2\repository\javax\activation\javax.activation-api\1.2.0\javax.activation-api-1.2.0.jar;C:\Users\skerl\.m2\repository\com\sun\xml\ws\rt\2.3.1\rt-2.3.1.jar;C:\Users\skerl\.m2\repository\javax\annotation\javax.annotation-api\1.3.2\javax.annotation-api-1.3.2.jar;C:\Users\skerl\.m2\repository\com\sun\xml\ws\policy\2.7.5\policy-2.7.5.jar;C:\Users\skerl\.m2\repository\com\sun\activation\javax.activation\1.2.0\javax.activation-1.2.0.jar;C:\Users\skerl\.m2\repository\org\glassfish\gmbal\gmbal-api-only\3.1.0-b001\gmbal-api-only-3.1.0-b001.jar;C:\Users\skerl\.m2\repository\org\glassfish\external\management-api\3.0.0-b012\management-api-3.0.0-b012.jar;C:\Users\skerl\.m2\repository\org\jvnet\staxex\stax-ex\1.8\stax-ex-1.8.jar;C:\Users\skerl\.m2\repository\com\sun\xml\stream\buffer\streambuffer\1.5.6\streambuffer-1.5.6.jar;C:\Users\skerl\.m2\repository\org\jvnet\mimepull\mimepull\1.9.10\mimepull-1.9.10.jar;C:\Users\skerl\.m2\repository\org\glassfish\ha\ha-api\3.1.9\ha-api-3.1.9.jar;C:\Users\skerl\.m2\repository\com\sun\xml\messaging\saaj\saaj-impl\1.5.0\saaj-impl-1.5.0.jar;C:\Users\skerl\.m2\repository\javax\xml\ws\jaxws-api\2.3.1\jaxws-api-2.3.1.jar;C:\Users\skerl\.m2\repository\javax\xml\soap\javax.xml.soap-api\1.4.0\javax.xml.soap-api-1.4.0.jar;C:\Users\skerl\.m2\repository\javax\jws\javax.jws-api\1.1\javax.jws-api-1.1.jar;C:\Users\skerl\.m2\repository\org\keycloak\keycloak-saml-core\11.0.2\keycloak-saml-core-11.0.2.jar;C:\Users\skerl\.m2\repository\junit\junit\4.12\junit-4.12.jar;C:\Users\skerl\.m2\repository\org\hamcrest\hamcrest-core\1.3\hamcrest-core-1.3.jar;C:\Users\skerl\.m2\repository\org\hamcrest\hamcrest-all\1.3\hamcrest-all-1.3.jar;C:\Users\skerl\.m2\repository\com\icegreen\greenmail\1.3.1b\greenmail-1.3.1b.jar;C:\Users\skerl\.m2\repository\javax\mail\mail\1.4\mail-1.4.jar;C:\Users\skerl\.m2\repository\javax\activation\activation\1.1\activation-1.1.jar;C:\Users\skerl\.m2\repository\com\openshift\openshift-restclient-java\8.0.0.Final\openshift-restclient-java-8.0.0.Final.jar;C:\Users\skerl\.m2\repository\com\squareup\okhttp3\okhttp\3.14.2\okhttp-3.14.2.jar;C:\Users\skerl\.m2\repository\com\squareup\okio\okio\1.17.2\okio-1.17.2.jar;C:\Users\skerl\.m2\repository\org\yaml\snakeyaml\1.14\snakeyaml-1.14.jar;C:\Users\skerl\.m2\repository\org\jboss\jboss-dmr\1.5.1.Final\jboss-dmr-1.5.1.Final.jar;C:\Users\skerl\.m2\repository\org\apache\commons\commons-compress\1.18\commons-compress-1.18.jar;C:\Users\skerl\.m2\repository\org\slf4j\slf4j-api\1.7.30\slf4j-api-1.7.30.jar;C:\Users\skerl\.m2\repository\org\slf4j\slf4j-log4j12\1.7.30\slf4j-log4j12-1.7.30.jar;C:\Users\skerl\.m2\repository\log4j\log4j\1.2.17\log4j-1.2.17.jar;C:\Users\skerl\.m2\repository\commons-codec\commons-codec\1.6\commons-codec-1.6.jar;C:\Users\skerl\.m2\repository\commons-lang\commons-lang\2.6\commons-lang-2.6.jar;C:\Users\skerl\.m2\repository\com\webauthn4j\webauthn4j-core\0.12.0.RELEASE\webauthn4j-core-0.12.0.RELEASE.jar;C:\Users\skerl\.m2\repository\com\webauthn4j\webauthn4j-util\0.12.0.RELEASE\webauthn4j-util-0.12.0.RELEASE.jar;C:\Users\skerl\.m2\repository\org\apache\kerby\kerby-asn1\2.0.0\kerby-asn1-2.0.0.jar;C:\Users\skerl\.m2\repository\com\fasterxml\jackson\dataformat\jackson-dataformat-cbor\2.10.4\jackson-dataformat-cbor-2.10.4.jar;"/>
    <property name="java.vm.vendor" value="Oracle Corporation"/>
    <property name="sun.arch.data.model" value="64"/>
    <property name="user.variant" value=""/>
    <property name="java.vendor.url" value="http://java.oracle.com/"/>
    <property name="user.timezone" value="Asia/Seoul"/>
    <property name="java.vm.specification.version" value="11"/>
    <property name="os.name" value="Windows 10"/>
    <property name="sun.java.launcher" value="SUN_STANDARD"/>
    <property name="user.country" value="KR"/>
    <property name="sun.boot.library.path" value="C:\Program Files\Java\jdk-11.0.5\bin"/>
    <property name="sun.java.command" value="C:\Users\skerl\AppData\Local\Temp\surefire13850094649911684283\surefirebooter6719411433461556320.jar C:\Users\skerl\AppData\Local\Temp\surefire13850094649911684283 2021-02-23T16-52-41_131-jvmRun1 surefire16847145962534331572tmp surefire_09540637287546361989tmp"/>
    <property name="jdk.debug" value="release"/>
    <property name="surefire.test.class.path" value="D:\workspace\services\target\test-classes;D:\workspace\services\target\classes;C:\Users\skerl\.m2\repository\org\bouncycastle\bcprov-jdk15on\1.65\bcprov-jdk15on-1.65.jar;C:\Users\skerl\.m2\repository\org\bouncycastle\bcpkix-jdk15on\1.65\bcpkix-jdk15on-1.65.jar;C:\Users\skerl\.m2\repository\org\keycloak\keycloak-core\11.0.2\keycloak-core-11.0.2.jar;C:\Users\skerl\.m2\repository\org\freemarker\freemarker\2.3.29\freemarker-2.3.29.jar;C:\Users\skerl\.m2\repository\com\sun\mail\jakarta.mail\1.6.5\jakarta.mail-1.6.5.jar;C:\Users\skerl\.m2\repository\com\sun\activation\jakarta.activation\1.2.1\jakarta.activation-1.2.1.jar;C:\Users\skerl\.m2\repository\org\glassfish\jakarta.json\1.1.6\jakarta.json-1.1.6.jar;C:\Users\skerl\.m2\repository\org\keycloak\keycloak-common\11.0.2\keycloak-common-11.0.2.jar;C:\Users\skerl\.m2\repository\org\keycloak\keycloak-server-spi\11.0.2\keycloak-server-spi-11.0.2.jar;C:\Users\skerl\.m2\repository\org\keycloak\keycloak-server-spi-private\11.0.2\keycloak-server-spi-private-11.0.2.jar;C:\Users\skerl\.m2\repository\com\github\ua-parser\uap-java\1.4.3\uap-java-1.4.3.jar;C:\Users\skerl\.m2\repository\org\apache\commons\commons-collections4\4.1\commons-collections4-4.1.jar;C:\Users\skerl\.m2\repository\org\keycloak\keycloak-ldap-federation\11.0.2\keycloak-ldap-federation-11.0.2.jar;C:\Users\skerl\.m2\repository\org\twitter4j\twitter4j-core\4.0.7\twitter4j-core-4.0.7.jar;C:\Users\skerl\.m2\repository\org\jboss\logging\jboss-logging\3.4.1.Final\jboss-logging-3.4.1.Final.jar;C:\Users\skerl\.m2\repository\org\jboss\logging\jboss-logging-annotations\2.2.1.Final\jboss-logging-annotations-2.2.1.Final.jar;C:\Users\skerl\.m2\repository\org\jboss\logging\jboss-logging-processor\2.2.1.Final\jboss-logging-processor-2.2.1.Final.jar;C:\Users\skerl\.m2\repository\org\jboss\jdeparser\jdeparser\2.0.3.Final\jdeparser-2.0.3.Final.jar;C:\Users\skerl\.m2\repository\org\jboss\resteasy\resteasy-jaxrs\3.12.1.Final\resteasy-jaxrs-3.12.1.Final.jar;C:\Users\skerl\.m2\repository\org\jboss\spec\javax\xml\bind\jboss-jaxb-api_2.3_spec\2.0.0.Final\jboss-jaxb-api_2.3_spec-2.0.0.Final.jar;C:\Users\skerl\.m2\repository\org\reactivestreams\reactive-streams\1.0.3\reactive-streams-1.0.3.jar;C:\Users\skerl\.m2\repository\jakarta\validation\jakarta.validation-api\2.0.2\jakarta.validation-api-2.0.2.jar;C:\Users\skerl\.m2\repository\org\jboss\spec\javax\annotation\jboss-annotations-api_1.3_spec\2.0.1.Final\jboss-annotations-api_1.3_spec-2.0.1.Final.jar;C:\Users\skerl\.m2\repository\org\apache\httpcomponents\httpclient\4.5.12\httpclient-4.5.12.jar;C:\Users\skerl\.m2\repository\org\apache\httpcomponents\httpcore\4.4.13\httpcore-4.4.13.jar;C:\Users\skerl\.m2\repository\commons-logging\commons-logging\1.2\commons-logging-1.2.jar;C:\Users\skerl\.m2\repository\commons-io\commons-io\2.6\commons-io-2.6.jar;C:\Users\skerl\.m2\repository\com\github\stephenc\jcip\jcip-annotations\1.0-1\jcip-annotations-1.0-1.jar;C:\Users\skerl\.m2\repository\org\jboss\spec\javax\ws\rs\jboss-jaxrs-api_2.1_spec\2.0.1.Final\jboss-jaxrs-api_2.1_spec-2.0.1.Final.jar;C:\Users\skerl\.m2\repository\org\jboss\spec\javax\transaction\jboss-transaction-api_1.3_spec\2.0.0.Final\jboss-transaction-api_1.3_spec-2.0.0.Final.jar;C:\Users\skerl\.m2\repository\org\jboss\resteasy\resteasy-multipart-provider\3.12.1.Final\resteasy-multipart-provider-3.12.1.Final.jar;C:\Users\skerl\.m2\repository\org\jboss\resteasy\resteasy-client\3.12.1.Final\resteasy-client-3.12.1.Final.jar;C:\Users\skerl\.m2\repository\org\jboss\resteasy\resteasy-jaxb-provider\3.12.1.Final\resteasy-jaxb-provider-3.12.1.Final.jar;C:\Users\skerl\.m2\repository\org\glassfish\jaxb\jaxb-runtime\2.3.3-b02\jaxb-runtime-2.3.3-b02.jar;C:\Users\skerl\.m2\repository\org\glassfish\jaxb\txw2\2.3.3-b02\txw2-2.3.3-b02.jar;C:\Users\skerl\.m2\repository\com\sun\istack\istack-commons-runtime\3.0.10\istack-commons-runtime-3.0.10.jar;C:\Users\skerl\.m2\repository\org\apache\james\apache-mime4j\0.6\apache-mime4j-0.6.jar;C:\Users\skerl\.m2\repository\com\googlecode\owasp-java-html-sanitizer\owasp-java-html-sanitizer\20191001.1\owasp-java-html-sanitizer-20191001.1.jar;C:\Users\skerl\.m2\repository\com\google\guava\guava\25.0-jre\guava-25.0-jre.jar;C:\Users\skerl\.m2\repository\com\google\code\findbugs\jsr305\1.3.9\jsr305-1.3.9.jar;C:\Users\skerl\.m2\repository\org\checkerframework\checker-compat-qual\2.0.0\checker-compat-qual-2.0.0.jar;C:\Users\skerl\.m2\repository\com\google\errorprone\error_prone_annotations\2.1.3\error_prone_annotations-2.1.3.jar;C:\Users\skerl\.m2\repository\com\google\j2objc\j2objc-annotations\1.1\j2objc-annotations-1.1.jar;C:\Users\skerl\.m2\repository\org\codehaus\mojo\animal-sniffer-annotations\1.14\animal-sniffer-annotations-1.14.jar;C:\Users\skerl\.m2\repository\com\fasterxml\jackson\core\jackson-core\2.10.4\jackson-core-2.10.4.jar;C:\Users\skerl\.m2\repository\com\fasterxml\jackson\core\jackson-databind\2.10.4\jackson-databind-2.10.4.jar;C:\Users\skerl\.m2\repository\com\fasterxml\jackson\core\jackson-annotations\2.10.4\jackson-annotations-2.10.4.jar;C:\Users\skerl\.m2\repository\com\fasterxml\jackson\datatype\jackson-datatype-jdk8\2.10.4\jackson-datatype-jdk8-2.10.4.jar;C:\Users\skerl\.m2\repository\com\fasterxml\woodstox\woodstox-core\6.0.3\woodstox-core-6.0.3.jar;C:\Users\skerl\.m2\repository\org\codehaus\woodstox\stax2-api\4.2\stax2-api-4.2.jar;C:\Users\skerl\.m2\repository\com\google\zxing\javase\3.4.0\javase-3.4.0.jar;C:\Users\skerl\.m2\repository\com\google\zxing\core\3.4.0\core-3.4.0.jar;C:\Users\skerl\.m2\repository\com\github\jai-imageio\jai-imageio-core\1.4.0\jai-imageio-core-1.4.0.jar;C:\Users\skerl\.m2\repository\org\keycloak\keycloak-saml-core-public\11.0.2\keycloak-saml-core-public-11.0.2.jar;C:\Users\skerl\.m2\repository\org\apache\santuario\xmlsec\2.1.4\xmlsec-2.1.4.jar;C:\Users\skerl\.m2\repository\jakarta\xml\bind\jakarta.xml.bind-api\2.3.2\jakarta.xml.bind-api-2.3.2.jar;C:\Users\skerl\.m2\repository\jakarta\activation\jakarta.activation-api\1.2.1\jakarta.activation-api-1.2.1.jar;C:\Users\skerl\.m2\repository\javax\xml\bind\jaxb-api\2.4.0-b180830.0359\jaxb-api-2.4.0-b180830.0359.jar;C:\Users\skerl\.m2\repository\javax\activation\javax.activation-api\1.2.0\javax.activation-api-1.2.0.jar;C:\Users\skerl\.m2\repository\com\sun\xml\ws\rt\2.3.1\rt-2.3.1.jar;C:\Users\skerl\.m2\repository\javax\annotation\javax.annotation-api\1.3.2\javax.annotation-api-1.3.2.jar;C:\Users\skerl\.m2\repository\com\sun\xml\ws\policy\2.7.5\policy-2.7.5.jar;C:\Users\skerl\.m2\repository\com\sun\activation\javax.activation\1.2.0\javax.activation-1.2.0.jar;C:\Users\skerl\.m2\repository\org\glassfish\gmbal\gmbal-api-only\3.1.0-b001\gmbal-api-only-3.1.0-b001.jar;C:\Users\skerl\.m2\repository\org\glassfish\external\management-api\3.0.0-b012\management-api-3.0.0-b012.jar;C:\Users\skerl\.m2\repository\org\jvnet\staxex\stax-ex\1.8\stax-ex-1.8.jar;C:\Users\skerl\.m2\repository\com\sun\xml\stream\buffer\streambuffer\1.5.6\streambuffer-1.5.6.jar;C:\Users\skerl\.m2\repository\org\jvnet\mimepull\mimepull\1.9.10\mimepull-1.9.10.jar;C:\Users\skerl\.m2\repository\org\glassfish\ha\ha-api\3.1.9\ha-api-3.1.9.jar;C:\Users\skerl\.m2\repository\com\sun\xml\messaging\saaj\saaj-impl\1.5.0\saaj-impl-1.5.0.jar;C:\Users\skerl\.m2\repository\javax\xml\ws\jaxws-api\2.3.1\jaxws-api-2.3.1.jar;C:\Users\skerl\.m2\repository\javax\xml\soap\javax.xml.soap-api\1.4.0\javax.xml.soap-api-1.4.0.jar;C:\Users\skerl\.m2\repository\javax\jws\javax.jws-api\1.1\javax.jws-api-1.1.jar;C:\Users\skerl\.m2\repository\org\keycloak\keycloak-saml-core\11.0.2\keycloak-saml-core-11.0.2.jar;C:\Users\skerl\.m2\repository\junit\junit\4.12\junit-4.12.jar;C:\Users\skerl\.m2\repository\org\hamcrest\hamcrest-core\1.3\hamcrest-core-1.3.jar;C:\Users\skerl\.m2\repository\org\hamcrest\hamcrest-all\1.3\hamcrest-all-1.3.jar;C:\Users\skerl\.m2\repository\com\icegreen\greenmail\1.3.1b\greenmail-1.3.1b.jar;C:\Users\skerl\.m2\repository\javax\mail\mail\1.4\mail-1.4.jar;C:\Users\skerl\.m2\repository\javax\activation\activation\1.1\activation-1.1.jar;C:\Users\skerl\.m2\repository\com\openshift\openshift-restclient-java\8.0.0.Final\openshift-restclient-java-8.0.0.Final.jar;C:\Users\skerl\.m2\repository\com\squareup\okhttp3\okhttp\3.14.2\okhttp-3.14.2.jar;C:\Users\skerl\.m2\repository\com\squareup\okio\okio\1.17.2\okio-1.17.2.jar;C:\Users\skerl\.m2\repository\org\yaml\snakeyaml\1.14\snakeyaml-1.14.jar;C:\Users\skerl\.m2\repository\org\jboss\jboss-dmr\1.5.1.Final\jboss-dmr-1.5.1.Final.jar;C:\Users\skerl\.m2\repository\org\apache\commons\commons-compress\1.18\commons-compress-1.18.jar;C:\Users\skerl\.m2\repository\org\slf4j\slf4j-api\1.7.30\slf4j-api-1.7.30.jar;C:\Users\skerl\.m2\repository\org\slf4j\slf4j-log4j12\1.7.30\slf4j-log4j12-1.7.30.jar;C:\Users\skerl\.m2\repository\log4j\log4j\1.2.17\log4j-1.2.17.jar;C:\Users\skerl\.m2\repository\commons-codec\commons-codec\1.6\commons-codec-1.6.jar;C:\Users\skerl\.m2\repository\commons-lang\commons-lang\2.6\commons-lang-2.6.jar;C:\Users\skerl\.m2\repository\com\webauthn4j\webauthn4j-core\0.12.0.RELEASE\webauthn4j-core-0.12.0.RELEASE.jar;C:\Users\skerl\.m2\repository\com\webauthn4j\webauthn4j-util\0.12.0.RELEASE\webauthn4j-util-0.12.0.RELEASE.jar;C:\Users\skerl\.m2\repository\org\apache\kerby\kerby-asn1\2.0.0\kerby-asn1-2.0.0.jar;C:\Users\skerl\.m2\repository\com\fasterxml\jackson\dataformat\jackson-dataformat-cbor\2.10.4\jackson-dataformat-cbor-2.10.4.jar;"/>
    <property name="sun.cpu.endian" value="little"/>
    <property name="user.home" value="C:\Users\skerl"/>
    <property name="user.language" value="ko"/>
    <property name="java.specification.vendor" value="Oracle Corporation"/>
    <property name="java.version.date" value="2019-10-15"/>
    <property name="java.home" value="C:\Program Files\Java\jdk-11.0.5"/>
    <property name="file.separator" value="\"/>
    <property name="basedir" value="D:\workspace\services"/>
    <property name="java.vm.compressedOopsMode" value="32-bit"/>
    <property name="line.separator" value="&#10;"/>
    <property name="java.specification.name" value="Java Platform API Specification"/>
    <property name="java.vm.specification.vendor" value="Oracle Corporation"/>
    <property name="java.awt.graphicsenv" value="sun.awt.Win32GraphicsEnvironment"/>
    <property name="java.awt.headless" value="true"/>
    <property name="surefire.real.class.path" value="C:\Users\skerl\AppData\Local\Temp\surefire13850094649911684283\surefirebooter6719411433461556320.jar"/>
    <property name="user.script" value=""/>
    <property name="sun.management.compiler" value="HotSpot 64-Bit Tiered Compilers"/>
    <property name="java.runtime.version" value="11.0.5+10-LTS"/>
    <property name="user.name" value="Dark"/>
    <property name="path.separator" value=";"/>
    <property name="os.version" value="10.0"/>
    <property name="java.runtime.name" value="Java(TM) SE Runtime Environment"/>
    <property name="file.encoding" value="MS949"/>
    <property name="java.vm.name" value="Java HotSpot(TM) 64-Bit Server VM"/>
    <property name="java.vendor.version" value="18.9"/>
    <property name="localRepository" value="C:\Users\skerl\.m2\repository"/>
    <property name="java.vendor.url.bug" value="http://bugreport.java.com/bugreport/"/>
    <property name="java.io.tmpdir" value="D:\workspace\services\target"/>
    <property name="java.version" value="11.0.5"/>
    <property name="user.dir" value="D:\workspace\services"/>
    <property name="os.arch" value="amd64"/>
    <property name="java.vm.specification.name" value="Java Virtual Machine Specification"/>
    <property name="java.awt.printerjob" value="sun.awt.windows.WPrinterJob"/>
    <property name="sun.os.patch.level" value=""/>
    <property name="java.library.path" value="C:\Program Files\Java\jdk-11.0.5\bin;C:\WINDOWS\Sun\Java\bin;C:\WINDOWS\system32;C:\WINDOWS;C:\Users\skerl\bin;C:\Program Files\Git\mingw64\bin;C:\Program Files\Git\usr\local\bin;C:\Program Files\Git\usr\bin;C:\Program Files\Git\usr\bin;C:\Program Files\Git\mingw64\bin;C:\Program Files\Git\usr\bin;C:\Users\skerl\bin;C:\WINDOWS\system32;C:\WINDOWS;C:\WINDOWS\System32\Wbem;C:\WINDOWS\System32\WindowsPowerShell\v1.0;C:\WINDOWS\System32\OpenSSH;%JAVA_HOME%\bin;%MAVEN_HOME%\bin;C:\Program Files\PuTTY;C:\Program Files\TortoiseGit\bin;C:\Go\bin;C:\Program Files\TortoiseSVN\bin;C:\Program Files\Git\cmd;C:\Users\skerl\AppData\Local\Programs\Python\Python39\Scripts;C:\Users\skerl\AppData\Local\Programs\Python\Python39;C:\Users\skerl\AppData\Local\Microsoft\WindowsApps;C:\Program Files\Java\jdk-11.0.5\bin;C:\Program Files\Bandizip;C:\Program Files\Apache\apache-maven-3.6.2\bin;C:\Users\skerl\go\bin;C:\Program Files\Git\usr\bin\vendor_perl;C:\Program Files\Git\usr\bin\core_perl;."/>
    <property name="java.vendor" value="Oracle Corporation"/>
    <property name="java.vm.info" value="mixed mode"/>
    <property name="java.vm.version" value="11.0.5+10-LTS"/>
    <property name="sun.io.unicode.encoding" value="UnicodeLittle"/>
    <property name="java.class.version" value="55.0"/>
  </properties>
  <testcase name="createHttpClientProviderWithDisableTrustManager" classname="org.keycloak.connections.httpclient.DefaultHttpClientFactoryTest" time="1.12"/>
  <testcase name="createHttpClientProviderWithUnvailableURL" classname="org.keycloak.connections.httpclient.DefaultHttpClientFactoryTest" time="0.15">
    <error message="Unexpected exception, expected&lt;javax.net.ssl.SSLPeerUnverifiedException&gt; but was&lt;javax.net.ssl.SSLHandshakeException&gt;" type="java.lang.Exception"><![CDATA[java.lang.Exception: Unexpected exception, expected<javax.net.ssl.SSLPeerUnverifiedException> but was<javax.net.ssl.SSLHandshakeException>
	at org.junit.internal.runners.statements.ExpectException.evaluate(ExpectException.java:28)
	at org.junit.runners.ParentRunner.runLeaf(ParentRunner.java:325)
	at org.junit.runners.BlockJUnit4ClassRunner.runChild(BlockJUnit4ClassRunner.java:78)
	at org.junit.runners.BlockJUnit4ClassRunner.runChild(BlockJUnit4ClassRunner.java:57)
	at org.junit.runners.ParentRunner$3.run(ParentRunner.java:290)
	at org.junit.runners.ParentRunner$1.schedule(ParentRunner.java:71)
	at org.junit.runners.ParentRunner.runChildren(ParentRunner.java:288)
	at org.junit.runners.ParentRunner.access$000(ParentRunner.java:58)
	at org.junit.runners.ParentRunner$2.evaluate(ParentRunner.java:268)
	at org.junit.runners.ParentRunner.run(ParentRunner.java:363)
	at org.apache.maven.surefire.junit4.JUnit4Provider.execute(JUnit4Provider.java:365)
	at org.apache.maven.surefire.junit4.JUnit4Provider.executeWithRerun(JUnit4Provider.java:273)
	at org.apache.maven.surefire.junit4.JUnit4Provider.executeTestSet(JUnit4Provider.java:238)
	at org.apache.maven.surefire.junit4.JUnit4Provider.invoke(JUnit4Provider.java:159)
	at org.apache.maven.surefire.booter.ForkedBooter.invokeProviderInSameClassLoader(ForkedBooter.java:383)
	at org.apache.maven.surefire.booter.ForkedBooter.runSuitesInProcess(ForkedBooter.java:344)
	at org.apache.maven.surefire.booter.ForkedBooter.execute(ForkedBooter.java:125)
	at org.apache.maven.surefire.booter.ForkedBooter.main(ForkedBooter.java:417)
Caused by: javax.net.ssl.SSLHandshakeException: PKIX path building failed: sun.security.provider.certpath.SunCertPathBuilderException: unable to find valid certification path to requested target
	at java.base/sun.security.ssl.Alert.createSSLException(Alert.java:131)
	at java.base/sun.security.ssl.TransportContext.fatal(TransportContext.java:321)
	at java.base/sun.security.ssl.TransportContext.fatal(TransportContext.java:264)
	at java.base/sun.security.ssl.TransportContext.fatal(TransportContext.java:259)
	at java.base/sun.security.ssl.CertificateMessage$T12CertificateConsumer.checkServerCerts(CertificateMessage.java:642)
	at java.base/sun.security.ssl.CertificateMessage$T12CertificateConsumer.onCertificate(CertificateMessage.java:461)
	at java.base/sun.security.ssl.CertificateMessage$T12CertificateConsumer.consume(CertificateMessage.java:361)
	at java.base/sun.security.ssl.SSLHandshake.consume(SSLHandshake.java:392)
	at java.base/sun.security.ssl.HandshakeContext.dispatch(HandshakeContext.java:450)
	at java.base/sun.security.ssl.HandshakeContext.dispatch(HandshakeContext.java:427)
	at java.base/sun.security.ssl.TransportContext.dispatch(TransportContext.java:178)
	at java.base/sun.security.ssl.SSLTransport.decode(SSLTransport.java:164)
	at java.base/sun.security.ssl.SSLSocketImpl.decode(SSLSocketImpl.java:1152)
	at java.base/sun.security.ssl.SSLSocketImpl.readHandshakeRecord(SSLSocketImpl.java:1063)
	at java.base/sun.security.ssl.SSLSocketImpl.startHandshake(SSLSocketImpl.java:402)
	at org.apache.http.conn.ssl.SSLConnectionSocketFactory.createLayeredSocket(SSLConnectionSocketFactory.java:436)
	at org.apache.http.conn.ssl.SSLConnectionSocketFactory.connectSocket(SSLConnectionSocketFactory.java:384)
	at org.apache.http.impl.conn.DefaultHttpClientConnectionOperator.connect(DefaultHttpClientConnectionOperator.java:142)
	at org.apache.http.impl.conn.PoolingHttpClientConnectionManager.connect(PoolingHttpClientConnectionManager.java:376)
	at org.apache.http.impl.execchain.MainClientExec.establishRoute(MainClientExec.java:393)
	at org.apache.http.impl.execchain.MainClientExec.execute(MainClientExec.java:236)
	at org.apache.http.impl.execchain.ProtocolExec.execute(ProtocolExec.java:186)
	at org.apache.http.impl.execchain.RetryExec.execute(RetryExec.java:89)
	at org.apache.http.impl.execchain.RedirectExec.execute(RedirectExec.java:110)
	at org.apache.http.impl.client.InternalHttpClient.doExecute(InternalHttpClient.java:185)
	at org.apache.http.impl.client.CloseableHttpClient.execute(CloseableHttpClient.java:83)
	at org.apache.http.impl.client.CloseableHttpClient.execute(CloseableHttpClient.java:108)
	at org.keycloak.connections.httpclient.DefaultHttpClientFactoryTest.createHttpClientProviderWithUnvailableURL(DefaultHttpClientFactoryTest.java:79)
	at java.base/jdk.internal.reflect.NativeMethodAccessorImpl.invoke0(Native Method)
	at java.base/jdk.internal.reflect.NativeMethodAccessorImpl.invoke(NativeMethodAccessorImpl.java:62)
	at java.base/jdk.internal.reflect.DelegatingMethodAccessorImpl.invoke(DelegatingMethodAccessorImpl.java:43)
	at java.base/java.lang.reflect.Method.invoke(Method.java:566)
	at org.junit.runners.model.FrameworkMethod$1.runReflectiveCall(FrameworkMethod.java:50)
	at org.junit.internal.runners.model.ReflectiveCallable.run(ReflectiveCallable.java:12)
	at org.junit.runners.model.FrameworkMethod.invokeExplosively(FrameworkMethod.java:47)
	at org.junit.internal.runners.statements.InvokeMethod.evaluate(InvokeMethod.java:17)
	at org.junit.internal.runners.statements.ExpectException.evaluate(ExpectException.java:19)
	... 17 more
Caused by: sun.security.validator.ValidatorException: PKIX path building failed: sun.security.provider.certpath.SunCertPathBuilderException: unable to find valid certification path to requested target
	at java.base/sun.security.validator.PKIXValidator.doBuild(PKIXValidator.java:385)
	at java.base/sun.security.validator.PKIXValidator.engineValidate(PKIXValidator.java:290)
	at java.base/sun.security.validator.Validator.validate(Validator.java:264)
	at java.base/sun.security.ssl.X509TrustManagerImpl.validate(X509TrustManagerImpl.java:313)
	at java.base/sun.security.ssl.X509TrustManagerImpl.checkTrusted(X509TrustManagerImpl.java:222)
	at java.base/sun.security.ssl.X509TrustManagerImpl.checkServerTrusted(X509TrustManagerImpl.java:129)
	at java.base/sun.security.ssl.CertificateMessage$T12CertificateConsumer.checkServerCerts(CertificateMessage.java:626)
	... 49 more
Caused by: sun.security.provider.certpath.SunCertPathBuilderException: unable to find valid certification path to requested target
	at java.base/sun.security.provider.certpath.SunCertPathBuilder.build(SunCertPathBuilder.java:141)
	at java.base/sun.security.provider.certpath.SunCertPathBuilder.engineBuild(SunCertPathBuilder.java:126)
	at java.base/java.security.cert.CertPathBuilder.build(CertPathBuilder.java:297)
	at java.base/sun.security.validator.PKIXValidator.doBuild(PKIXValidator.java:380)
	... 55 more
]]></error>
    <system-out><![CDATA[16:52:44,823 WARN  main [org.keycloak.connections.httpclient.DefaultHttpClientFactory] TruststoreProvider is disabled
]]></system-out>
  </testcase>
</testsuite>